0 info it worked if it ends with ok
1 verbose cli [ '/usr/local/bin/node', '/usr/local/bin/npm', 'run', 'start' ]
2 info using npm@3.10.10
3 info using node@v6.10.0
4 verbose run-script [ 'prestart', 'start', 'poststart' ]
5 info lifecycle javascript-development-environment@1.0.0~prestart: javascript-development-environment@1.0.0
6 verbose lifecycle javascript-development-environment@1.0.0~prestart: unsafe-perm in lifecycle true
7 verbose lifecycle javascript-development-environment@1.0.0~prestart: PATH: /usr/local/lib/node_modules/npm/bin/node-gyp-bin:/Users/ruthvik.yedla/Desktop/Personal/UI_Practice/frontEndDevelopment/node_modules/.bin:/Users/ruthvik.yedla/Documents/apache-maven-3.5.3/bin:/usr/local/bin:/usr/bin:/bin:/usr/sbin:/sbin:/usr/local/bin/chromedriver:/Users/ruthvik.yedla/Documents/apache-maven-3.5.3/bin
8 verbose lifecycle javascript-development-environment@1.0.0~prestart: CWD: /Users/ruthvik.yedla/Desktop/Personal/UI_Practice/frontEndDevelopment
9 silly lifecycle javascript-development-environment@1.0.0~prestart: Args: [ '-c', 'babel-node buildScripts/startMessage.js' ]
10 silly lifecycle javascript-development-environment@1.0.0~prestart: Returned: code: 0  signal: null
11 info lifecycle javascript-development-environment@1.0.0~start: javascript-development-environment@1.0.0
12 verbose lifecycle javascript-development-environment@1.0.0~start: unsafe-perm in lifecycle true
13 verbose lifecycle javascript-development-environment@1.0.0~start: PATH: /usr/local/lib/node_modules/npm/bin/node-gyp-bin:/Users/ruthvik.yedla/Desktop/Personal/UI_Practice/frontEndDevelopment/node_modules/.bin:/Users/ruthvik.yedla/Documents/apache-maven-3.5.3/bin:/usr/local/bin:/usr/bin:/bin:/usr/sbin:/sbin:/usr/local/bin/chromedriver:/Users/ruthvik.yedla/Documents/apache-maven-3.5.3/bin
14 verbose lifecycle javascript-development-environment@1.0.0~start: CWD: /Users/ruthvik.yedla/Desktop/Personal/UI_Practice/frontEndDevelopment
15 silly lifecycle javascript-development-environment@1.0.0~start: Args: [ '-c', 'babel-node buildScripts/srcServer.js' ]
16 silly lifecycle javascript-development-environment@1.0.0~start: Returned: code: 1  signal: null
17 info lifecycle javascript-development-environment@1.0.0~start: Failed to exec start script
18 verbose stack Error: javascript-development-environment@1.0.0 start: `babel-node buildScripts/srcServer.js`
18 verbose stack Exit status 1
18 verbose stack     at EventEmitter.<anonymous> (/usr/local/lib/node_modules/npm/lib/utils/lifecycle.js:255:16)
18 verbose stack     at emitTwo (events.js:106:13)
18 verbose stack     at EventEmitter.emit (events.js:191:7)
18 verbose stack     at ChildProcess.<anonymous> (/usr/local/lib/node_modules/npm/lib/utils/spawn.js:40:14)
18 verbose stack     at emitTwo (events.js:106:13)
18 verbose stack     at ChildProcess.emit (events.js:191:7)
18 verbose stack     at maybeClose (internal/child_process.js:877:16)
18 verbose stack     at Process.ChildProcess._handle.onexit (internal/child_process.js:226:5)
19 verbose pkgid javascript-development-environment@1.0.0
20 verbose cwd /Users/ruthvik.yedla/Desktop/Personal/UI_Practice/frontEndDevelopment
21 error Darwin 16.7.0
22 error argv "/usr/local/bin/node" "/usr/local/bin/npm" "run" "start"
23 error node v6.10.0
24 error npm  v3.10.10
25 error code ELIFECYCLE
26 error javascript-development-environment@1.0.0 start: `babel-node buildScripts/srcServer.js`
26 error Exit status 1
27 error Failed at the javascript-development-environment@1.0.0 start script 'babel-node buildScripts/srcServer.js'.
27 error Make sure you have the latest version of node.js and npm installed.
27 error If you do, this is most likely a problem with the javascript-development-environment package,
27 error not with npm itself.
27 error Tell the author that this fails on your system:
27 error     babel-node buildScripts/srcServer.js
27 error You can get information on how to open an issue for this project with:
27 error     npm bugs javascript-development-environment
27 error Or if that isn't available, you can get their info via:
27 error     npm owner ls javascript-development-environment
27 error There is likely additional logging output above.
28 verbose exit [ 1, true ]
